<?xml version="1.0" encoding="UTF-8"?>
<testng-results skipped="0" failed="0" ignored="0" total="1" passed="1">
  <reporter-output>
  </reporter-output>
  <suite name="Default suite" duration-ms="97" started-at="2023-08-11T15:52:27 IST" finished-at="2023-08-11T15:52:27 IST">
    <groups>
    </groups>
    <test name="Default test" duration-ms="97" started-at="2023-08-11T15:52:27 IST" finished-at="2023-08-11T15:52:27 IST">
      <class name="com.nopcommerce.qa.tests.Sample">
        <test-method status="PASS" signature="getData()[pri:0, instance:com.nopcommerce.qa.tests.Sample@4d50efb8]" name="getData" duration-ms="26" started-at="2023-08-11T15:52:27 IST" finished-at="2023-08-11T15:52:27 IST">
          <reporter-output>
          </reporter-output>
        </test-method> <!-- getData -->
      </class> <!-- com.nopcommerce.qa.tests.Sample -->
    </test> <!-- Default test -->
  </suite> <!-- Default suite -->
</testng-results>
